<?xml version="1.0" encoding="UTF-8"?>
<!-- Generated by org.testng.reporters.JUnitReportReporter -->
<testsuite hostname="dell" failures="0" tests="1" name="seleniumGrid.GridTest" time="24.140" errors="0" timestamp="2024-04-15T15:12:37 IST" skipped="0">
  <testcase classname="seleniumGrid.GridTest" name="testOnChrome" time="24.140"/>
  <system-out>
    <![CDATA[Test Executing on Chrome ! 
Driver session established with server! 
Test Executing for Amazon application ! 
Test Executing on chrome completed ! ]]>
  </system-out>
</testsuite> <!-- seleniumGrid.GridTest -->
