<?xml version="1.0" encoding="UTF-8"?>
<!-- Generated by org.testng.reporters.JUnitReportReporter -->
<testsuite hostname="dell" failures="0" tests="3" name="seleniumGrid.CrossbrowserTest" time="134.425" errors="0" timestamp="2024-04-15T15:46:29 IST" skipped="0">
  <testcase classname="seleniumGrid.CrossbrowserTest" name="browserTest" time="40.729"/>
  <system-out>
    <![CDATA[Test Executing on Chrome ! 
Driver session established with server! 
Test Executing for Amazon application ! 
Test Executing on chrome completed ! ]]>
  </system-out>
  <testcase classname="seleniumGrid.CrossbrowserTest" name="browserTest" time="45.268"/>
  <system-out>
    <![CDATA[Test Executing on Chrome ! 
Driver session established with server! 
Test Executing for Amazon application ! 
Test Executing on chrome completed ! ]]>
  </system-out>
  <testcase classname="seleniumGrid.CrossbrowserTest" name="browserTest" time="48.428"/>
  <system-out>
    <![CDATA[Test Executing on Chrome ! 
Driver session established with server! 
Test Executing for Amazon application ! 
Test Executing on chrome completed ! ]]>
  </system-out>
</testsuite> <!-- seleniumGrid.CrossbrowserTest -->
