<?xml version="1.0" encoding="UTF-8"?>
<!-- Generated by org.testng.reporters.JUnitReportReporter -->
<testsuite hostname="dell" failures="0" tests="1" name="com.CRM.TestCases.LoginPageTest" time="1.161" errors="0" timestamp="2024-04-14T20:27:59 IST" skipped="0">
  <testcase classname="com.CRM.TestCases.LoginPageTest" name="verifyLogin" time="1.161"/>
  <system-out/>
</testsuite> <!-- com.CRM.TestCases.LoginPageTest -->
