<?xml version="1.0" encoding="UTF-8"?>
<!-- Generated by org.testng.reporters.JUnitReportReporter -->
<testsuite hostname="dell" failures="0" tests="3" name="com.CRM.TestCases.HomePageTest" time="0.471" errors="0" timestamp="2024-04-14T21:10:40 IST" skipped="0">
  <testcase classname="com.CRM.TestCases.HomePageTest" name="verifyUrl" time="0.067"/>
  <system-out/>
  <testcase classname="com.CRM.TestCases.HomePageTest" name="verifyTitle" time="0.038"/>
  <system-out/>
  <testcase classname="com.CRM.TestCases.HomePageTest" name="verifySignIn" time="0.366"/>
  <system-out/>
</testsuite> <!-- com.CRM.TestCases.HomePageTest -->
