<?xml version="1.0" encoding="UTF-8"?>
<!-- Generated by org.testng.reporters.JUnitReportReporter -->
<testsuite hostname="dell" failures="0" tests="1" name="com.CRM.TestCases.CustomersPageTest" time="0.005" errors="0" timestamp="2024-04-14T21:10:40 IST" skipped="0">
  <testcase classname="com.CRM.TestCases.CustomersPageTest" name="f" time="0.005"/>
  <system-out/>
</testsuite> <!-- com.CRM.TestCases.CustomersPageTest -->
